TN:
SF:src/demo-integration.ts
FN:10,runCompleteIntegrationDemo
FN:29,(anonymous_1)
FN:194,(anonymous_2)
FN:207,(anonymous_3)
FN:212,(anonymous_4)
FN:219,(anonymous_5)
FNF:6
FNH:0
FNDA:0,runCompleteIntegrationDemo
FNDA:0,(anonymous_1)
FNDA:0,(anonymous_2)
FNDA:0,(anonymous_3)
FNDA:0,(anonymous_4)
FNDA:0,(anonymous_5)
DA:11,0
DA:12,0
DA:14,0
DA:16,0
DA:17,0
DA:19,0
DA:20,0
DA:21,0
DA:22,0
DA:23,0
DA:26,0
DA:29,0
DA:31,0
DA:32,0
DA:33,0
DA:34,0
DA:36,0
DA:39,0
DA:42,0
DA:44,0
DA:94,0
DA:95,0
DA:98,0
DA:102,0
DA:104,0
DA:111,0
DA:112,0
DA:114,0
DA:118,0
DA:119,0
DA:120,0
DA:121,0
DA:122,0
DA:123,0
DA:125,0
DA:126,0
DA:127,0
DA:128,0
DA:129,0
DA:131,0
DA:132,0
DA:133,0
DA:134,0
DA:135,0
DA:138,0
DA:139,0
DA:140,0
DA:141,0
DA:142,0
DA:143,0
DA:144,0
DA:146,0
DA:147,0
DA:148,0
DA:149,0
DA:150,0
DA:151,0
DA:152,0
DA:153,0
DA:155,0
DA:156,0
DA:157,0
DA:158,0
DA:159,0
DA:161,0
DA:162,0
DA:163,0
DA:164,0
DA:165,0
DA:167,0
DA:168,0
DA:169,0
DA:170,0
DA:171,0
DA:173,0
DA:174,0
DA:175,0
DA:177,0
DA:178,0
DA:179,0
DA:180,0
DA:183,0
DA:184,0
DA:187,0
DA:188,0
DA:189,0
DA:194,0
DA:195,0
DA:196,0
DA:197,0
DA:198,0
DA:199,0
DA:201,0
DA:202,0
DA:207,0
DA:208,0
DA:209,0
DA:212,0
DA:213,0
DA:214,0
DA:218,0
DA:219,0
DA:220,0
DA:221,0
LF:104
LH:0
BRDA:218,0,0,0
BRDA:218,0,1,0
BRF:2
BRH:0
end_of_record
